[17/Mar/2016 04:47:05] DEBUG [django.db.backends:89] (0.001) 
            SELECT name, type FROM sqlite_master
            WHERE type in ('table', 'view') AND NOT name='sqlite_sequence'
            ORDER BY name; args=None
[17/Mar/2016 04:47:05] DEBUG [django.db.backends:89] (0.000) SELECT "django_migrations"."app", "django_migrations"."name" FROM "django_migrations"; args=()
[17/Mar/2016 04:49:35] WARNING [django.request:182] Not Found: /favicon.ico
[17/Mar/2016 04:49:35] DEBUG [django.template:927] Exception while resolving variable 'name' in template 'unknown'.
Traceback (most recent call last):
  File "/usr/local/lib/python2.7/dist-packages/django/template/base.py", line 905, in _resolve_lookup
    (bit, current))  # missing attribute
VariableDoesNotExist: Failed lookup for key [name] in u'<RegexURLResolver <RegexURLPattern list> (admin:admin) ^admin/>'
[17/Mar/2016 04:49:51] DEBUG [django.db.backends:89] (0.001) SELECT "auth_user"."id", "auth_user"."password", "auth_user"."last_login", "auth_user"."is_superuser", "auth_user"."username", "auth_user"."first_name", "auth_user"."last_name", "auth_user"."email", "auth_user"."is_staff", "auth_user"."is_active", "auth_user"."date_joined" FROM "auth_user" WHERE "auth_user"."username" = 'buggydebugger'; args=(u'buggydebugger',)
[17/Mar/2016 04:50:01] DEBUG [django.db.backends:89] (0.001) SELECT "auth_user"."id", "auth_user"."password", "auth_user"."last_login", "auth_user"."is_superuser", "auth_user"."username", "auth_user"."first_name", "auth_user"."last_name", "auth_user"."email", "auth_user"."is_staff", "auth_user"."is_active", "auth_user"."date_joined" FROM "auth_user" WHERE "auth_user"."username" = 'buggydebugger'; args=(u'buggydebugger',)
[17/Mar/2016 04:50:19] DEBUG [django.db.backends:89] (0.001) SELECT "auth_user"."id", "auth_user"."password", "auth_user"."last_login", "auth_user"."is_superuser", "auth_user"."username", "auth_user"."first_name", "auth_user"."last_name", "auth_user"."email", "auth_user"."is_staff", "auth_user"."is_active", "auth_user"."date_joined" FROM "auth_user" WHERE "auth_user"."username" = 'buggydebugger'; args=(u'buggydebugger',)
[17/Mar/2016 04:50:26] DEBUG [django.db.backends:89] (0.001) SELECT "auth_user"."id", "auth_user"."password", "auth_user"."last_login", "auth_user"."is_superuser", "auth_user"."username", "auth_user"."first_name", "auth_user"."last_name", "auth_user"."email", "auth_user"."is_staff", "auth_user"."is_active", "auth_user"."date_joined" FROM "auth_user" WHERE "auth_user"."username" = 'buggydebugger'; args=(u'buggydebugger',)
[17/Mar/2016 04:50:33] DEBUG [django.db.backends:89] (0.001) SELECT "auth_user"."id", "auth_user"."password", "auth_user"."last_login", "auth_user"."is_superuser", "auth_user"."username", "auth_user"."first_name", "auth_user"."last_name", "auth_user"."email", "auth_user"."is_staff", "auth_user"."is_active", "auth_user"."date_joined" FROM "auth_user" WHERE "auth_user"."username" = 'rjdp'; args=(u'rjdp',)
[17/Mar/2016 04:50:33] DEBUG [django.db.backends:89] (0.000) SELECT (1) AS "a" FROM "django_session" WHERE "django_session"."session_key" = 'jqin1u960hvuips0i17voc2tw49sbcmj' LIMIT 1; args=(u'jqin1u960hvuips0i17voc2tw49sbcmj',)
[17/Mar/2016 04:50:33] DEBUG [django.db.backends:89] (0.000) BEGIN; args=None
[17/Mar/2016 04:50:33] DEBUG [django.db.backends:89] (0.000) INSERT INTO "django_session" ("session_key", "session_data", "expire_date") SELECT 'jqin1u960hvuips0i17voc2tw49sbcmj', 'NjlhNzE1YTZmMGM2ZjJhZDhjMzNjM2YzYzcwZjc5NmM4ZjEzZGJhZTp7fQ==', '2016-03-31 04:50:33.940391'; args=(u'jqin1u960hvuips0i17voc2tw49sbcmj', u'NjlhNzE1YTZmMGM2ZjJhZDhjMzNjM2YzYzcwZjc5NmM4ZjEzZGJhZTp7fQ==', u'2016-03-31 04:50:33.940391')
[17/Mar/2016 04:50:34] DEBUG [django.db.backends:89] (0.000) SELECT "django_session"."session_key", "django_session"."session_data", "django_session"."expire_date" FROM "django_session" WHERE "django_session"."session_key" = 'jqin1u960hvuips0i17voc2tw49sbcmj'; args=(u'jqin1u960hvuips0i17voc2tw49sbcmj',)
[17/Mar/2016 04:50:34] DEBUG [django.db.backends:89] (0.000) BEGIN; args=None
[17/Mar/2016 04:50:34] DEBUG [django.db.backends:89] (0.000) DELETE FROM "django_session" WHERE "django_session"."session_key" IN ('jqin1u960hvuips0i17voc2tw49sbcmj'); args=(u'jqin1u960hvuips0i17voc2tw49sbcmj',)
[17/Mar/2016 04:50:34] DEBUG [django.db.backends:89] (0.000) BEGIN; args=None
[17/Mar/2016 04:50:34] DEBUG [django.db.backends:89] (0.000) UPDATE "auth_user" SET "last_login" = '2016-03-17 04:50:34.222937' WHERE "auth_user"."id" = 1; args=(u'2016-03-17 04:50:34.222937', 1)
[17/Mar/2016 04:50:34] DEBUG [django.db.backends:89] (0.000) BEGIN; args=None
[17/Mar/2016 04:50:34] DEBUG [django.db.backends:89] (0.000) UPDATE "django_session" SET "session_data" = 'NjU5MDZmNjk5ZjY0NDgyOTVmMDcxYjA4OTQzNWNlYWVkNGU0MGNhNjp7Il9hdXRoX3VzZXJfaGFzaCI6IjNmOTE3NzY5NDA0YWFhNmFmYjQxMmEzYzUyZmQ5OTU1M2U4MjJlOGYiLCJfYXV0aF91c2VyX2JhY2tlbmQiOiJkamFuZ28uY29udHJpYi5hdXRoLmJhY2tlbmRzLk1vZGVsQmFja2VuZCIsIl9hdXRoX3VzZXJfaWQiOiIxIn0=', "expire_date" = '2016-03-31 04:50:34.365273' WHERE "django_session"."session_key" = 'jqin1u960hvuips0i17voc2tw49sbcmj'; args=(u'NjU5MDZmNjk5ZjY0NDgyOTVmMDcxYjA4OTQzNWNlYWVkNGU0MGNhNjp7Il9hdXRoX3VzZXJfaGFzaCI6IjNmOTE3NzY5NDA0YWFhNmFmYjQxMmEzYzUyZmQ5OTU1M2U4MjJlOGYiLCJfYXV0aF91c2VyX2JhY2tlbmQiOiJkamFuZ28uY29udHJpYi5hdXRoLmJhY2tlbmRzLk1vZGVsQmFja2VuZCIsIl9hdXRoX3VzZXJfaWQiOiIxIn0=', u'2016-03-31 04:50:34.365273', u'jqin1u960hvuips0i17voc2tw49sbcmj')
[17/Mar/2016 04:50:34] DEBUG [django.db.backends:89] (0.000) INSERT INTO "django_session" ("session_key", "session_data", "expire_date") SELECT 'jqin1u960hvuips0i17voc2tw49sbcmj', 'NjU5MDZmNjk5ZjY0NDgyOTVmMDcxYjA4OTQzNWNlYWVkNGU0MGNhNjp7Il9hdXRoX3VzZXJfaGFzaCI6IjNmOTE3NzY5NDA0YWFhNmFmYjQxMmEzYzUyZmQ5OTU1M2U4MjJlOGYiLCJfYXV0aF91c2VyX2JhY2tlbmQiOiJkamFuZ28uY29udHJpYi5hdXRoLmJhY2tlbmRzLk1vZGVsQmFja2VuZCIsIl9hdXRoX3VzZXJfaWQiOiIxIn0=', '2016-03-31 04:50:34.365273'; args=(u'jqin1u960hvuips0i17voc2tw49sbcmj', u'NjU5MDZmNjk5ZjY0NDgyOTVmMDcxYjA4OTQzNWNlYWVkNGU0MGNhNjp7Il9hdXRoX3VzZXJfaGFzaCI6IjNmOTE3NzY5NDA0YWFhNmFmYjQxMmEzYzUyZmQ5OTU1M2U4MjJlOGYiLCJfYXV0aF91c2VyX2JhY2tlbmQiOiJkamFuZ28uY29udHJpYi5hdXRoLmJhY2tlbmRzLk1vZGVsQmFja2VuZCIsIl9hdXRoX3VzZXJfaWQiOiIxIn0=', u'2016-03-31 04:50:34.365273')
[17/Mar/2016 04:50:34] DEBUG [django.db.backends:89] (0.001) SELECT "django_session"."session_key", "django_session"."session_data", "django_session"."expire_date" FROM "django_session" WHERE ("django_session"."session_key" = 'jqin1u960hvuips0i17voc2tw49sbcmj' AND "django_session"."expire_date" > '2016-03-17 04:50:34.493001'); args=('jqin1u960hvuips0i17voc2tw49sbcmj', u'2016-03-17 04:50:34.493001')
[17/Mar/2016 04:50:34] DEBUG [django.db.backends:89] (0.000) SELECT "auth_user"."id", "auth_user"."password", "auth_user"."last_login", "auth_user"."is_superuser", "auth_user"."username", "auth_user"."first_name", "auth_user"."last_name", "auth_user"."email", "auth_user"."is_staff", "auth_user"."is_active", "auth_user"."date_joined" FROM "auth_user" WHERE "auth_user"."id" = 1; args=(1,)
[17/Mar/2016 04:50:37] DEBUG [django.db.backends:89] (0.001) SELECT "django_session"."session_key", "django_session"."session_data", "django_session"."expire_date" FROM "django_session" WHERE ("django_session"."session_key" = 'jqin1u960hvuips0i17voc2tw49sbcmj' AND "django_session"."expire_date" > '2016-03-17 04:50:37.883410'); args=('jqin1u960hvuips0i17voc2tw49sbcmj', u'2016-03-17 04:50:37.883410')
[17/Mar/2016 04:50:37] DEBUG [django.db.backends:89] (0.000) SELECT "auth_user"."id", "auth_user"."password", "auth_user"."last_login", "auth_user"."is_superuser", "auth_user"."username", "auth_user"."first_name", "auth_user"."last_name", "auth_user"."email", "auth_user"."is_staff", "auth_user"."is_active", "auth_user"."date_joined" FROM "auth_user" WHERE "auth_user"."id" = 1; args=(1,)
[17/Mar/2016 04:50:37] DEBUG [django.db.backends:89] (0.000) SELECT "blog_post"."id", "blog_post"."title", "blog_post"."author_id", "blog_post"."slug", "blog_post"."content", "blog_post"."pub_date" FROM "blog_post" WHERE "blog_post"."author_id" = 1; args=(1,)
